[00:13:12] [main/INFO]: Setting user: ForgeDevName
[00:13:13] [Client thread/INFO]: LWJGL Version: 2.9.1
[00:13:17] [Client thread/INFO]: Reloading ResourceManager: Default, FMLFileResourcePack:Forge Mod Loader, FMLFileResourcePack:Minecraft Forge, FMLFileResourcePack:Magic Machinery
[00:13:18] [Sound Library Loader/INFO]: Sound engine started
[00:13:19] [Client thread/ERROR]: Using missing texture, unable to load magicmachinery:textures/blocks/poleTest.png
java.io.FileNotFoundException: magicmachinery:textures/blocks/poleTest.png
	at net.minecraft.client.resources.FallbackResourceManager.getResource(FallbackResourceManager.java:65) ~[FallbackResourceManager.class:?]
	at net.minecraft.client.resources.SimpleReloadableResourceManager.getResource(SimpleReloadableResourceManager.java:67) ~[SimpleReloadableResourceManager.class:?]
	at net.minecraft.client.renderer.texture.TextureMap.loadTextureAtlas(TextureMap.java:126) [TextureMap.class:?]
	at net.minecraft.client.renderer.texture.TextureMap.loadTexture(TextureMap.java:91) [TextureMap.class:?]
	at net.minecraft.client.renderer.texture.TextureManager.loadTexture(TextureManager.java:89) [TextureManager.class:?]
	at net.minecraft.client.renderer.texture.TextureManager.loadTickableTexture(TextureManager.java:71) [TextureManager.class:?]
	at net.minecraft.client.renderer.texture.TextureManager.loadTextureMap(TextureManager.java:58) [TextureManager.class:?]
	at net.minecraft.client.Minecraft.startGame(Minecraft.java:592) [Minecraft.class:?]
	at net.minecraft.client.Minecraft.run(Minecraft.java:941) [Minecraft.class:?]
	at net.minecraft.client.main.Main.main(Main.java:164) [Main.class:?]
	at sun.reflect.NativeMethodAccessorImpl.invoke0(Native Method) ~[?:1.8.0_11]
	at sun.reflect.NativeMethodAccessorImpl.invoke(Unknown Source) ~[?:1.8.0_11]
	at sun.reflect.DelegatingMethodAccessorImpl.invoke(Unknown Source) ~[?:1.8.0_11]
	at java.lang.reflect.Method.invoke(Unknown Source) ~[?:1.8.0_11]
	at net.minecraft.launchwrapper.Launch.launch(Launch.java:134) [launchwrapper-1.9.jar:?]
	at net.minecraft.launchwrapper.Launch.main(Launch.java:28) [launchwrapper-1.9.jar:?]
	at sun.reflect.NativeMethodAccessorImpl.invoke0(Native Method) ~[?:1.8.0_11]
	at sun.reflect.NativeMethodAccessorImpl.invoke(Unknown Source) ~[?:1.8.0_11]
	at sun.reflect.DelegatingMethodAccessorImpl.invoke(Unknown Source) ~[?:1.8.0_11]
	at java.lang.reflect.Method.invoke(Unknown Source) ~[?:1.8.0_11]
	at GradleStart.bounce(GradleStart.java:108) [start/:?]
	at GradleStart.startClient(GradleStart.java:101) [start/:?]
	at GradleStart.main(GradleStart.java:56) [start/:?]
[00:13:19] [Client thread/ERROR]: Using missing texture, unable to load magicmachinery:textures/blocks/null.png
java.io.FileNotFoundException: magicmachinery:textures/blocks/null.png
	at net.minecraft.client.resources.FallbackResourceManager.getResource(FallbackResourceManager.java:65) ~[FallbackResourceManager.class:?]
	at net.minecraft.client.resources.SimpleReloadableResourceManager.getResource(SimpleReloadableResourceManager.java:67) ~[SimpleReloadableResourceManager.class:?]
	at net.minecraft.client.renderer.texture.TextureMap.loadTextureAtlas(TextureMap.java:126) [TextureMap.class:?]
	at net.minecraft.client.renderer.texture.TextureMap.loadTexture(TextureMap.java:91) [TextureMap.class:?]
	at net.minecraft.client.renderer.texture.TextureManager.loadTexture(TextureManager.java:89) [TextureManager.class:?]
	at net.minecraft.client.renderer.texture.TextureManager.loadTickableTexture(TextureManager.java:71) [TextureManager.class:?]
	at net.minecraft.client.renderer.texture.TextureManager.loadTextureMap(TextureManager.java:58) [TextureManager.class:?]
	at net.minecraft.client.Minecraft.startGame(Minecraft.java:592) [Minecraft.class:?]
	at net.minecraft.client.Minecraft.run(Minecraft.java:941) [Minecraft.class:?]
	at net.minecraft.client.main.Main.main(Main.java:164) [Main.class:?]
	at sun.reflect.NativeMethodAccessorImpl.invoke0(Native Method) ~[?:1.8.0_11]
	at sun.reflect.NativeMethodAccessorImpl.invoke(Unknown Source) ~[?:1.8.0_11]
	at sun.reflect.DelegatingMethodAccessorImpl.invoke(Unknown Source) ~[?:1.8.0_11]
	at java.lang.reflect.Method.invoke(Unknown Source) ~[?:1.8.0_11]
	at net.minecraft.launchwrapper.Launch.launch(Launch.java:134) [launchwrapper-1.9.jar:?]
	at net.minecraft.launchwrapper.Launch.main(Launch.java:28) [launchwrapper-1.9.jar:?]
	at sun.reflect.NativeMethodAccessorImpl.invoke0(Native Method) ~[?:1.8.0_11]
	at sun.reflect.NativeMethodAccessorImpl.invoke(Unknown Source) ~[?:1.8.0_11]
	at sun.reflect.DelegatingMethodAccessorImpl.invoke(Unknown Source) ~[?:1.8.0_11]
	at java.lang.reflect.Method.invoke(Unknown Source) ~[?:1.8.0_11]
	at GradleStart.bounce(GradleStart.java:108) [start/:?]
	at GradleStart.startClient(GradleStart.java:101) [start/:?]
	at GradleStart.main(GradleStart.java:56) [start/:?]
[00:13:19] [Client thread/INFO]: Created: 512x256 textures/blocks-atlas
[00:13:19] [Client thread/ERROR]: Using missing texture, unable to load minecraft:textures/items/MISSING_ICON_ITEM_4104_null.png
java.io.FileNotFoundException: minecraft:textures/items/MISSING_ICON_ITEM_4104_null.png
	at net.minecraft.client.resources.FallbackResourceManager.getResource(FallbackResourceManager.java:65) ~[FallbackResourceManager.class:?]
	at net.minecraft.client.resources.SimpleReloadableResourceManager.getResource(SimpleReloadableResourceManager.java:67) ~[SimpleReloadableResourceManager.class:?]
	at net.minecraft.client.renderer.texture.TextureMap.loadTextureAtlas(TextureMap.java:126) [TextureMap.class:?]
	at net.minecraft.client.renderer.texture.TextureMap.loadTexture(TextureMap.java:91) [TextureMap.class:?]
	at net.minecraft.client.renderer.texture.TextureManager.loadTexture(TextureManager.java:89) [TextureManager.class:?]
	at net.minecraft.client.renderer.texture.TextureManager.loadTickableTexture(TextureManager.java:71) [TextureManager.class:?]
	at net.minecraft.client.renderer.texture.TextureManager.loadTextureMap(TextureManager.java:58) [TextureManager.class:?]
	at net.minecraft.client.Minecraft.startGame(Minecraft.java:593) [Minecraft.class:?]
	at net.minecraft.client.Minecraft.run(Minecraft.java:941) [Minecraft.class:?]
	at net.minecraft.client.main.Main.main(Main.java:164) [Main.class:?]
	at sun.reflect.NativeMethodAccessorImpl.invoke0(Native Method) ~[?:1.8.0_11]
	at sun.reflect.NativeMethodAccessorImpl.invoke(Unknown Source) ~[?:1.8.0_11]
	at sun.reflect.DelegatingMethodAccessorImpl.invoke(Unknown Source) ~[?:1.8.0_11]
	at java.lang.reflect.Method.invoke(Unknown Source) ~[?:1.8.0_11]
	at net.minecraft.launchwrapper.Launch.launch(Launch.java:134) [launchwrapper-1.9.jar:?]
	at net.minecraft.launchwrapper.Launch.main(Launch.java:28) [launchwrapper-1.9.jar:?]
	at sun.reflect.NativeMethodAccessorImpl.invoke0(Native Method) ~[?:1.8.0_11]
	at sun.reflect.NativeMethodAccessorImpl.invoke(Unknown Source) ~[?:1.8.0_11]
	at sun.reflect.DelegatingMethodAccessorImpl.invoke(Unknown Source) ~[?:1.8.0_11]
	at java.lang.reflect.Method.invoke(Unknown Source) ~[?:1.8.0_11]
	at GradleStart.bounce(GradleStart.java:108) [start/:?]
	at GradleStart.startClient(GradleStart.java:101) [start/:?]
	at GradleStart.main(GradleStart.java:56) [start/:?]
[00:13:19] [Client thread/ERROR]: Using missing texture, unable to load magicmachinery:textures/items/diamondFinder.png
java.io.FileNotFoundException: magicmachinery:textures/items/diamondFinder.png
	at net.minecraft.client.resources.FallbackResourceManager.getResource(FallbackResourceManager.java:65) ~[FallbackResourceManager.class:?]
	at net.minecraft.client.resources.SimpleReloadableResourceManager.getResource(SimpleReloadableResourceManager.java:67) ~[SimpleReloadableResourceManager.class:?]
	at net.minecraft.client.renderer.texture.TextureMap.loadTextureAtlas(TextureMap.java:126) [TextureMap.class:?]
	at net.minecraft.client.renderer.texture.TextureMap.loadTexture(TextureMap.java:91) [TextureMap.class:?]
	at net.minecraft.client.renderer.texture.TextureManager.loadTexture(TextureManager.java:89) [TextureManager.class:?]
	at net.minecraft.client.renderer.texture.TextureManager.loadTickableTexture(TextureManager.java:71) [TextureManager.class:?]
	at net.minecraft.client.renderer.texture.TextureManager.loadTextureMap(TextureManager.java:58) [TextureManager.class:?]
	at net.minecraft.client.Minecraft.startGame(Minecraft.java:593) [Minecraft.class:?]
	at net.minecraft.client.Minecraft.run(Minecraft.java:941) [Minecraft.class:?]
	at net.minecraft.client.main.Main.main(Main.java:164) [Main.class:?]
	at sun.reflect.NativeMethodAccessorImpl.invoke0(Native Method) ~[?:1.8.0_11]
	at sun.reflect.NativeMethodAccessorImpl.invoke(Unknown Source) ~[?:1.8.0_11]
	at sun.reflect.DelegatingMethodAccessorImpl.invoke(Unknown Source) ~[?:1.8.0_11]
	at java.lang.reflect.Method.invoke(Unknown Source) ~[?:1.8.0_11]
	at net.minecraft.launchwrapper.Launch.launch(Launch.java:134) [launchwrapper-1.9.jar:?]
	at net.minecraft.launchwrapper.Launch.main(Launch.java:28) [launchwrapper-1.9.jar:?]
	at sun.reflect.NativeMethodAccessorImpl.invoke0(Native Method) ~[?:1.8.0_11]
	at sun.reflect.NativeMethodAccessorImpl.invoke(Unknown Source) ~[?:1.8.0_11]
	at sun.reflect.DelegatingMethodAccessorImpl.invoke(Unknown Source) ~[?:1.8.0_11]
	at java.lang.reflect.Method.invoke(Unknown Source) ~[?:1.8.0_11]
	at GradleStart.bounce(GradleStart.java:108) [start/:?]
	at GradleStart.startClient(GradleStart.java:101) [start/:?]
	at GradleStart.main(GradleStart.java:56) [start/:?]
[00:13:19] [Client thread/ERROR]: Using missing texture, unable to load magicmachinery:textures/items/wand.png
java.io.FileNotFoundException: magicmachinery:textures/items/wand.png
	at net.minecraft.client.resources.FallbackResourceManager.getResource(FallbackResourceManager.java:65) ~[FallbackResourceManager.class:?]
	at net.minecraft.client.resources.SimpleReloadableResourceManager.getResource(SimpleReloadableResourceManager.java:67) ~[SimpleReloadableResourceManager.class:?]
	at net.minecraft.client.renderer.texture.TextureMap.loadTextureAtlas(TextureMap.java:126) [TextureMap.class:?]
	at net.minecraft.client.renderer.texture.TextureMap.loadTexture(TextureMap.java:91) [TextureMap.class:?]
	at net.minecraft.client.renderer.texture.TextureManager.loadTexture(TextureManager.java:89) [TextureManager.class:?]
	at net.minecraft.client.renderer.texture.TextureManager.loadTickableTexture(TextureManager.java:71) [TextureManager.class:?]
	at net.minecraft.client.renderer.texture.TextureManager.loadTextureMap(TextureManager.java:58) [TextureManager.class:?]
	at net.minecraft.client.Minecraft.startGame(Minecraft.java:593) [Minecraft.class:?]
	at net.minecraft.client.Minecraft.run(Minecraft.java:941) [Minecraft.class:?]
	at net.minecraft.client.main.Main.main(Main.java:164) [Main.class:?]
	at sun.reflect.NativeMethodAccessorImpl.invoke0(Native Method) ~[?:1.8.0_11]
	at sun.reflect.NativeMethodAccessorImpl.invoke(Unknown Source) ~[?:1.8.0_11]
	at sun.reflect.DelegatingMethodAccessorImpl.invoke(Unknown Source) ~[?:1.8.0_11]
	at java.lang.reflect.Method.invoke(Unknown Source) ~[?:1.8.0_11]
	at net.minecraft.launchwrapper.Launch.launch(Launch.java:134) [launchwrapper-1.9.jar:?]
	at net.minecraft.launchwrapper.Launch.main(Launch.java:28) [launchwrapper-1.9.jar:?]
	at sun.reflect.NativeMethodAccessorImpl.invoke0(Native Method) ~[?:1.8.0_11]
	at sun.reflect.NativeMethodAccessorImpl.invoke(Unknown Source) ~[?:1.8.0_11]
	at sun.reflect.DelegatingMethodAccessorImpl.invoke(Unknown Source) ~[?:1.8.0_11]
	at java.lang.reflect.Method.invoke(Unknown Source) ~[?:1.8.0_11]
	at GradleStart.bounce(GradleStart.java:108) [start/:?]
	at GradleStart.startClient(GradleStart.java:101) [start/:?]
	at GradleStart.main(GradleStart.java:56) [start/:?]
[00:13:19] [Client thread/ERROR]: Using missing texture, unable to load magicmachinery:textures/items/imbuedDiamondPickaxe.png
java.io.FileNotFoundException: magicmachinery:textures/items/imbuedDiamondPickaxe.png
	at net.minecraft.client.resources.FallbackResourceManager.getResource(FallbackResourceManager.java:65) ~[FallbackResourceManager.class:?]
	at net.minecraft.client.resources.SimpleReloadableResourceManager.getResource(SimpleReloadableResourceManager.java:67) ~[SimpleReloadableResourceManager.class:?]
	at net.minecraft.client.renderer.texture.TextureMap.loadTextureAtlas(TextureMap.java:126) [TextureMap.class:?]
	at net.minecraft.client.renderer.texture.TextureMap.loadTexture(TextureMap.java:91) [TextureMap.class:?]
	at net.minecraft.client.renderer.texture.TextureManager.loadTexture(TextureManager.java:89) [TextureManager.class:?]
	at net.minecraft.client.renderer.texture.TextureManager.loadTickableTexture(TextureManager.java:71) [TextureManager.class:?]
	at net.minecraft.client.renderer.texture.TextureManager.loadTextureMap(TextureManager.java:58) [TextureManager.class:?]
	at net.minecraft.client.Minecraft.startGame(Minecraft.java:593) [Minecraft.class:?]
	at net.minecraft.client.Minecraft.run(Minecraft.java:941) [Minecraft.class:?]
	at net.minecraft.client.main.Main.main(Main.java:164) [Main.class:?]
	at sun.reflect.NativeMethodAccessorImpl.invoke0(Native Method) ~[?:1.8.0_11]
	at sun.reflect.NativeMethodAccessorImpl.invoke(Unknown Source) ~[?:1.8.0_11]
	at sun.reflect.DelegatingMethodAccessorImpl.invoke(Unknown Source) ~[?:1.8.0_11]
	at java.lang.reflect.Method.invoke(Unknown Source) ~[?:1.8.0_11]
	at net.minecraft.launchwrapper.Launch.launch(Launch.java:134) [launchwrapper-1.9.jar:?]
	at net.minecraft.launchwrapper.Launch.main(Launch.java:28) [launchwrapper-1.9.jar:?]
	at sun.reflect.NativeMethodAccessorImpl.invoke0(Native Method) ~[?:1.8.0_11]
	at sun.reflect.NativeMethodAccessorImpl.invoke(Unknown Source) ~[?:1.8.0_11]
	at sun.reflect.DelegatingMethodAccessorImpl.invoke(Unknown Source) ~[?:1.8.0_11]
	at java.lang.reflect.Method.invoke(Unknown Source) ~[?:1.8.0_11]
	at GradleStart.bounce(GradleStart.java:108) [start/:?]
	at GradleStart.startClient(GradleStart.java:101) [start/:?]
	at GradleStart.main(GradleStart.java:56) [start/:?]
[00:13:19] [Client thread/INFO]: Created: 256x256 textures/items-atlas
[00:13:19] [Client thread/INFO]: Reloading ResourceManager: Default, FMLFileResourcePack:Forge Mod Loader, FMLFileResourcePack:Minecraft Forge, FMLFileResourcePack:Magic Machinery
[00:13:19] [Client thread/ERROR]: Using missing texture, unable to load magicmachinery:textures/blocks/poleTest.png
java.io.FileNotFoundException: magicmachinery:textures/blocks/poleTest.png
	at net.minecraft.client.resources.FallbackResourceManager.getResource(FallbackResourceManager.java:65) ~[FallbackResourceManager.class:?]
	at net.minecraft.client.resources.SimpleReloadableResourceManager.getResource(SimpleReloadableResourceManager.java:67) ~[SimpleReloadableResourceManager.class:?]
	at net.minecraft.client.renderer.texture.TextureMap.loadTextureAtlas(TextureMap.java:126) [TextureMap.class:?]
	at net.minecraft.client.renderer.texture.TextureMap.loadTexture(TextureMap.java:91) [TextureMap.class:?]
	at net.minecraft.client.renderer.texture.TextureManager.loadTexture(TextureManager.java:89) [TextureManager.class:?]
	at net.minecraft.client.renderer.texture.TextureManager.onResourceManagerReload(TextureManager.java:170) [TextureManager.class:?]
	at net.minecraft.client.resources.SimpleReloadableResourceManager.notifyReloadListeners(SimpleReloadableResourceManager.java:134) [SimpleReloadableResourceManager.class:?]
	at net.minecraft.client.resources.SimpleReloadableResourceManager.reloadResources(SimpleReloadableResourceManager.java:118) [SimpleReloadableResourceManager.class:?]
	at net.minecraft.client.Minecraft.refreshResources(Minecraft.java:653) [Minecraft.class:?]
	at cpw.mods.fml.client.FMLClientHandler.finishMinecraftLoading(FMLClientHandler.java:303) [FMLClientHandler.class:?]
	at net.minecraft.client.Minecraft.startGame(Minecraft.java:596) [Minecraft.class:?]
	at net.minecraft.client.Minecraft.run(Minecraft.java:941) [Minecraft.class:?]
	at net.minecraft.client.main.Main.main(Main.java:164) [Main.class:?]
	at sun.reflect.NativeMethodAccessorImpl.invoke0(Native Method) ~[?:1.8.0_11]
	at sun.reflect.NativeMethodAccessorImpl.invoke(Unknown Source) ~[?:1.8.0_11]
	at sun.reflect.DelegatingMethodAccessorImpl.invoke(Unknown Source) ~[?:1.8.0_11]
	at java.lang.reflect.Method.invoke(Unknown Source) ~[?:1.8.0_11]
	at net.minecraft.launchwrapper.Launch.launch(Launch.java:134) [launchwrapper-1.9.jar:?]
	at net.minecraft.launchwrapper.Launch.main(Launch.java:28) [launchwrapper-1.9.jar:?]
	at sun.reflect.NativeMethodAccessorImpl.invoke0(Native Method) ~[?:1.8.0_11]
	at sun.reflect.NativeMethodAccessorImpl.invoke(Unknown Source) ~[?:1.8.0_11]
	at sun.reflect.DelegatingMethodAccessorImpl.invoke(Unknown Source) ~[?:1.8.0_11]
	at java.lang.reflect.Method.invoke(Unknown Source) ~[?:1.8.0_11]
	at GradleStart.bounce(GradleStart.java:108) [start/:?]
	at GradleStart.startClient(GradleStart.java:101) [start/:?]
	at GradleStart.main(GradleStart.java:56) [start/:?]
[00:13:19] [Client thread/ERROR]: Using missing texture, unable to load magicmachinery:textures/blocks/null.png
java.io.FileNotFoundException: magicmachinery:textures/blocks/null.png
	at net.minecraft.client.resources.FallbackResourceManager.getResource(FallbackResourceManager.java:65) ~[FallbackResourceManager.class:?]
	at net.minecraft.client.resources.SimpleReloadableResourceManager.getResource(SimpleReloadableResourceManager.java:67) ~[SimpleReloadableResourceManager.class:?]
	at net.minecraft.client.renderer.texture.TextureMap.loadTextureAtlas(TextureMap.java:126) [TextureMap.class:?]
	at net.minecraft.client.renderer.texture.TextureMap.loadTexture(TextureMap.java:91) [TextureMap.class:?]
	at net.minecraft.client.renderer.texture.TextureManager.loadTexture(TextureManager.java:89) [TextureManager.class:?]
	at net.minecraft.client.renderer.texture.TextureManager.onResourceManagerReload(TextureManager.java:170) [TextureManager.class:?]
	at net.minecraft.client.resources.SimpleReloadableResourceManager.notifyReloadListeners(SimpleReloadableResourceManager.java:134) [SimpleReloadableResourceManager.class:?]
	at net.minecraft.client.resources.SimpleReloadableResourceManager.reloadResources(SimpleReloadableResourceManager.java:118) [SimpleReloadableResourceManager.class:?]
	at net.minecraft.client.Minecraft.refreshResources(Minecraft.java:653) [Minecraft.class:?]
	at cpw.mods.fml.client.FMLClientHandler.finishMinecraftLoading(FMLClientHandler.java:303) [FMLClientHandler.class:?]
	at net.minecraft.client.Minecraft.startGame(Minecraft.java:596) [Minecraft.class:?]
	at net.minecraft.client.Minecraft.run(Minecraft.java:941) [Minecraft.class:?]
	at net.minecraft.client.main.Main.main(Main.java:164) [Main.class:?]
	at sun.reflect.NativeMethodAccessorImpl.invoke0(Native Method) ~[?:1.8.0_11]
	at sun.reflect.NativeMethodAccessorImpl.invoke(Unknown Source) ~[?:1.8.0_11]
	at sun.reflect.DelegatingMethodAccessorImpl.invoke(Unknown Source) ~[?:1.8.0_11]
	at java.lang.reflect.Method.invoke(Unknown Source) ~[?:1.8.0_11]
	at net.minecraft.launchwrapper.Launch.launch(Launch.java:134) [launchwrapper-1.9.jar:?]
	at net.minecraft.launchwrapper.Launch.main(Launch.java:28) [launchwrapper-1.9.jar:?]
	at sun.reflect.NativeMethodAccessorImpl.invoke0(Native Method) ~[?:1.8.0_11]
	at sun.reflect.NativeMethodAccessorImpl.invoke(Unknown Source) ~[?:1.8.0_11]
	at sun.reflect.DelegatingMethodAccessorImpl.invoke(Unknown Source) ~[?:1.8.0_11]
	at java.lang.reflect.Method.invoke(Unknown Source) ~[?:1.8.0_11]
	at GradleStart.bounce(GradleStart.java:108) [start/:?]
	at GradleStart.startClient(GradleStart.java:101) [start/:?]
	at GradleStart.main(GradleStart.java:56) [start/:?]
[00:13:20] [Client thread/INFO]: Created: 512x256 textures/blocks-atlas
[00:13:20] [Client thread/ERROR]: Using missing texture, unable to load minecraft:textures/items/MISSING_ICON_ITEM_4104_null.png
java.io.FileNotFoundException: minecraft:textures/items/MISSING_ICON_ITEM_4104_null.png
	at net.minecraft.client.resources.FallbackResourceManager.getResource(FallbackResourceManager.java:65) ~[FallbackResourceManager.class:?]
	at net.minecraft.client.resources.SimpleReloadableResourceManager.getResource(SimpleReloadableResourceManager.java:67) ~[SimpleReloadableResourceManager.class:?]
	at net.minecraft.client.renderer.texture.TextureMap.loadTextureAtlas(TextureMap.java:126) [TextureMap.class:?]
	at net.minecraft.client.renderer.texture.TextureMap.loadTexture(TextureMap.java:91) [TextureMap.class:?]
	at net.minecraft.client.renderer.texture.TextureManager.loadTexture(TextureManager.java:89) [TextureManager.class:?]
	at net.minecraft.client.renderer.texture.TextureManager.onResourceManagerReload(TextureManager.java:170) [TextureManager.class:?]
	at net.minecraft.client.resources.SimpleReloadableResourceManager.notifyReloadListeners(SimpleReloadableResourceManager.java:134) [SimpleReloadableResourceManager.class:?]
	at net.minecraft.client.resources.SimpleReloadableResourceManager.reloadResources(SimpleReloadableResourceManager.java:118) [SimpleReloadableResourceManager.class:?]
	at net.minecraft.client.Minecraft.refreshResources(Minecraft.java:653) [Minecraft.class:?]
	at cpw.mods.fml.client.FMLClientHandler.finishMinecraftLoading(FMLClientHandler.java:303) [FMLClientHandler.class:?]
	at net.minecraft.client.Minecraft.startGame(Minecraft.java:596) [Minecraft.class:?]
	at net.minecraft.client.Minecraft.run(Minecraft.java:941) [Minecraft.class:?]
	at net.minecraft.client.main.Main.main(Main.java:164) [Main.class:?]
	at sun.reflect.NativeMethodAccessorImpl.invoke0(Native Method) ~[?:1.8.0_11]
	at sun.reflect.NativeMethodAccessorImpl.invoke(Unknown Source) ~[?:1.8.0_11]
	at sun.reflect.DelegatingMethodAccessorImpl.invoke(Unknown Source) ~[?:1.8.0_11]
	at java.lang.reflect.Method.invoke(Unknown Source) ~[?:1.8.0_11]
	at net.minecraft.launchwrapper.Launch.launch(Launch.java:134) [launchwrapper-1.9.jar:?]
	at net.minecraft.launchwrapper.Launch.main(Launch.java:28) [launchwrapper-1.9.jar:?]
	at sun.reflect.NativeMethodAccessorImpl.invoke0(Native Method) ~[?:1.8.0_11]
	at sun.reflect.NativeMethodAccessorImpl.invoke(Unknown Source) ~[?:1.8.0_11]
	at sun.reflect.DelegatingMethodAccessorImpl.invoke(Unknown Source) ~[?:1.8.0_11]
	at java.lang.reflect.Method.invoke(Unknown Source) ~[?:1.8.0_11]
	at GradleStart.bounce(GradleStart.java:108) [start/:?]
	at GradleStart.startClient(GradleStart.java:101) [start/:?]
	at GradleStart.main(GradleStart.java:56) [start/:?]
[00:13:20] [Client thread/ERROR]: Using missing texture, unable to load magicmachinery:textures/items/diamondFinder.png
java.io.FileNotFoundException: magicmachinery:textures/items/diamondFinder.png
	at net.minecraft.client.resources.FallbackResourceManager.getResource(FallbackResourceManager.java:65) ~[FallbackResourceManager.class:?]
	at net.minecraft.client.resources.SimpleReloadableResourceManager.getResource(SimpleReloadableResourceManager.java:67) ~[SimpleReloadableResourceManager.class:?]
	at net.minecraft.client.renderer.texture.TextureMap.loadTextureAtlas(TextureMap.java:126) [TextureMap.class:?]
	at net.minecraft.client.renderer.texture.TextureMap.loadTexture(TextureMap.java:91) [TextureMap.class:?]
	at net.minecraft.client.renderer.texture.TextureManager.loadTexture(TextureManager.java:89) [TextureManager.class:?]
	at net.minecraft.client.renderer.texture.TextureManager.onResourceManagerReload(TextureManager.java:170) [TextureManager.class:?]
	at net.minecraft.client.resources.SimpleReloadableResourceManager.notifyReloadListeners(SimpleReloadableResourceManager.java:134) [SimpleReloadableResourceManager.class:?]
	at net.minecraft.client.resources.SimpleReloadableResourceManager.reloadResources(SimpleReloadableResourceManager.java:118) [SimpleReloadableResourceManager.class:?]
	at net.minecraft.client.Minecraft.refreshResources(Minecraft.java:653) [Minecraft.class:?]
	at cpw.mods.fml.client.FMLClientHandler.finishMinecraftLoading(FMLClientHandler.java:303) [FMLClientHandler.class:?]
	at net.minecraft.client.Minecraft.startGame(Minecraft.java:596) [Minecraft.class:?]
	at net.minecraft.client.Minecraft.run(Minecraft.java:941) [Minecraft.class:?]
	at net.minecraft.client.main.Main.main(Main.java:164) [Main.class:?]
	at sun.reflect.NativeMethodAccessorImpl.invoke0(Native Method) ~[?:1.8.0_11]
	at sun.reflect.NativeMethodAccessorImpl.invoke(Unknown Source) ~[?:1.8.0_11]
	at sun.reflect.DelegatingMethodAccessorImpl.invoke(Unknown Source) ~[?:1.8.0_11]
	at java.lang.reflect.Method.invoke(Unknown Source) ~[?:1.8.0_11]
	at net.minecraft.launchwrapper.Launch.launch(Launch.java:134) [launchwrapper-1.9.jar:?]
	at net.minecraft.launchwrapper.Launch.main(Launch.java:28) [launchwrapper-1.9.jar:?]
	at sun.reflect.NativeMethodAccessorImpl.invoke0(Native Method) ~[?:1.8.0_11]
	at sun.reflect.NativeMethodAccessorImpl.invoke(Unknown Source) ~[?:1.8.0_11]
	at sun.reflect.DelegatingMethodAccessorImpl.invoke(Unknown Source) ~[?:1.8.0_11]
	at java.lang.reflect.Method.invoke(Unknown Source) ~[?:1.8.0_11]
	at GradleStart.bounce(GradleStart.java:108) [start/:?]
	at GradleStart.startClient(GradleStart.java:101) [start/:?]
	at GradleStart.main(GradleStart.java:56) [start/:?]
[00:13:20] [Client thread/ERROR]: Using missing texture, unable to load magicmachinery:textures/items/wand.png
java.io.FileNotFoundException: magicmachinery:textures/items/wand.png
	at net.minecraft.client.resources.FallbackResourceManager.getResource(FallbackResourceManager.java:65) ~[FallbackResourceManager.class:?]
	at net.minecraft.client.resources.SimpleReloadableResourceManager.getResource(SimpleReloadableResourceManager.java:67) ~[SimpleReloadableResourceManager.class:?]
	at net.minecraft.client.renderer.texture.TextureMap.loadTextureAtlas(TextureMap.java:126) [TextureMap.class:?]
	at net.minecraft.client.renderer.texture.TextureMap.loadTexture(TextureMap.java:91) [TextureMap.class:?]
	at net.minecraft.client.renderer.texture.TextureManager.loadTexture(TextureManager.java:89) [TextureManager.class:?]
	at net.minecraft.client.renderer.texture.TextureManager.onResourceManagerReload(TextureManager.java:170) [TextureManager.class:?]
	at net.minecraft.client.resources.SimpleReloadableResourceManager.notifyReloadListeners(SimpleReloadableResourceManager.java:134) [SimpleReloadableResourceManager.class:?]
	at net.minecraft.client.resources.SimpleReloadableResourceManager.reloadResources(SimpleReloadableResourceManager.java:118) [SimpleReloadableResourceManager.class:?]
	at net.minecraft.client.Minecraft.refreshResources(Minecraft.java:653) [Minecraft.class:?]
	at cpw.mods.fml.client.FMLClientHandler.finishMinecraftLoading(FMLClientHandler.java:303) [FMLClientHandler.class:?]
	at net.minecraft.client.Minecraft.startGame(Minecraft.java:596) [Minecraft.class:?]
	at net.minecraft.client.Minecraft.run(Minecraft.java:941) [Minecraft.class:?]
	at net.minecraft.client.main.Main.main(Main.java:164) [Main.class:?]
	at sun.reflect.NativeMethodAccessorImpl.invoke0(Native Method) ~[?:1.8.0_11]
	at sun.reflect.NativeMethodAccessorImpl.invoke(Unknown Source) ~[?:1.8.0_11]
	at sun.reflect.DelegatingMethodAccessorImpl.invoke(Unknown Source) ~[?:1.8.0_11]
	at java.lang.reflect.Method.invoke(Unknown Source) ~[?:1.8.0_11]
	at net.minecraft.launchwrapper.Launch.launch(Launch.java:134) [launchwrapper-1.9.jar:?]
	at net.minecraft.launchwrapper.Launch.main(Launch.java:28) [launchwrapper-1.9.jar:?]
	at sun.reflect.NativeMethodAccessorImpl.invoke0(Native Method) ~[?:1.8.0_11]
	at sun.reflect.NativeMethodAccessorImpl.invoke(Unknown Source) ~[?:1.8.0_11]
	at sun.reflect.DelegatingMethodAccessorImpl.invoke(Unknown Source) ~[?:1.8.0_11]
	at java.lang.reflect.Method.invoke(Unknown Source) ~[?:1.8.0_11]
	at GradleStart.bounce(GradleStart.java:108) [start/:?]
	at GradleStart.startClient(GradleStart.java:101) [start/:?]
	at GradleStart.main(GradleStart.java:56) [start/:?]
[00:13:20] [Client thread/ERROR]: Using missing texture, unable to load magicmachinery:textures/items/imbuedDiamondPickaxe.png
java.io.FileNotFoundException: magicmachinery:textures/items/imbuedDiamondPickaxe.png
	at net.minecraft.client.resources.FallbackResourceManager.getResource(FallbackResourceManager.java:65) ~[FallbackResourceManager.class:?]
	at net.minecraft.client.resources.SimpleReloadableResourceManager.getResource(SimpleReloadableResourceManager.java:67) ~[SimpleReloadableResourceManager.class:?]
	at net.minecraft.client.renderer.texture.TextureMap.loadTextureAtlas(TextureMap.java:126) [TextureMap.class:?]
	at net.minecraft.client.renderer.texture.TextureMap.loadTexture(TextureMap.java:91) [TextureMap.class:?]
	at net.minecraft.client.renderer.texture.TextureManager.loadTexture(TextureManager.java:89) [TextureManager.class:?]
	at net.minecraft.client.renderer.texture.TextureManager.onResourceManagerReload(TextureManager.java:170) [TextureManager.class:?]
	at net.minecraft.client.resources.SimpleReloadableResourceManager.notifyReloadListeners(SimpleReloadableResourceManager.java:134) [SimpleReloadableResourceManager.class:?]
	at net.minecraft.client.resources.SimpleReloadableResourceManager.reloadResources(SimpleReloadableResourceManager.java:118) [SimpleReloadableResourceManager.class:?]
	at net.minecraft.client.Minecraft.refreshResources(Minecraft.java:653) [Minecraft.class:?]
	at cpw.mods.fml.client.FMLClientHandler.finishMinecraftLoading(FMLClientHandler.java:303) [FMLClientHandler.class:?]
	at net.minecraft.client.Minecraft.startGame(Minecraft.java:596) [Minecraft.class:?]
	at net.minecraft.client.Minecraft.run(Minecraft.java:941) [Minecraft.class:?]
	at net.minecraft.client.main.Main.main(Main.java:164) [Main.class:?]
	at sun.reflect.NativeMethodAccessorImpl.invoke0(Native Method) ~[?:1.8.0_11]
	at sun.reflect.NativeMethodAccessorImpl.invoke(Unknown Source) ~[?:1.8.0_11]
	at sun.reflect.DelegatingMethodAccessorImpl.invoke(Unknown Source) ~[?:1.8.0_11]
	at java.lang.reflect.Method.invoke(Unknown Source) ~[?:1.8.0_11]
	at net.minecraft.launchwrapper.Launch.launch(Launch.java:134) [launchwrapper-1.9.jar:?]
	at net.minecraft.launchwrapper.Launch.main(Launch.java:28) [launchwrapper-1.9.jar:?]
	at sun.reflect.NativeMethodAccessorImpl.invoke0(Native Method) ~[?:1.8.0_11]
	at sun.reflect.NativeMethodAccessorImpl.invoke(Unknown Source) ~[?:1.8.0_11]
	at sun.reflect.DelegatingMethodAccessorImpl.invoke(Unknown Source) ~[?:1.8.0_11]
	at java.lang.reflect.Method.invoke(Unknown Source) ~[?:1.8.0_11]
	at GradleStart.bounce(GradleStart.java:108) [start/:?]
	at GradleStart.startClient(GradleStart.java:101) [start/:?]
	at GradleStart.main(GradleStart.java:56) [start/:?]
[00:13:20] [Client thread/INFO]: Created: 256x256 textures/items-atlas
[00:13:21] [Sound Library Loader/INFO]: Sound engine started
[00:13:27] [Server thread/INFO]: Starting integrated minecraft server version 1.7.10
[00:13:27] [Server thread/INFO]: Generating keypair
[00:13:27] [Server thread/INFO]: Preparing start region for level 0
[00:13:28] [Server thread/INFO]: Changing view distance to 16, from 10
[00:13:29] [Server thread/INFO]: ForgeDevName[local:E:5b6ff7d4] logged in with entity id 519 at (360.36974865949196, 4.0, 566.2099446032844)
[00:13:29] [Server thread/INFO]: ForgeDevName joined the game
[00:13:40] [Client thread/INFO]: [CHAT] Bound To: ForgeDevName
[00:13:40] [Client thread/INFO]: [CHAT] 34.0 Magical Energy/t
[00:13:40] [Client thread/INFO]: [CHAT] Current Energy Stored: -5,192/180,000
[00:13:42] [Client thread/INFO]: [CHAT] Bound To: ForgeDevName
[00:13:42] [Client thread/INFO]: [CHAT] 34.0 Magical Energy/t
[00:13:42] [Client thread/INFO]: [CHAT] Current Energy Stored: -5,192/180,000
[00:13:43] [Client thread/INFO]: [CHAT] Bound To: ForgeDevName
[00:13:43] [Client thread/INFO]: [CHAT] 34.0 Magical Energy/t
[00:13:43] [Client thread/INFO]: [CHAT] Current Energy Stored: -5,192/180,000
[00:13:46] [Client thread/INFO]: [CHAT] Not Currently Bound
[00:13:46] [Client thread/INFO]: [CHAT] 34.0 Magical Energy/t
[00:13:46] [Client thread/INFO]: [CHAT] Current Energy Stored: 0/180,000
[00:13:47] [Client thread/INFO]: [CHAT] Not Currently Bound
[00:13:47] [Client thread/INFO]: [CHAT] 34.0 Magical Energy/t
[00:13:47] [Client thread/INFO]: [CHAT] Current Energy Stored: 0/180,000
[00:13:47] [Client thread/INFO]: [CHAT] Not Currently Bound
[00:13:47] [Client thread/INFO]: [CHAT] 34.0 Magical Energy/t
[00:13:47] [Client thread/INFO]: [CHAT] Current Energy Stored: 0/180,000
[00:13:48] [Client thread/INFO]: [CHAT] §b§oYou feel as if something is sucked out of you...
[00:13:49] [Client thread/INFO]: [CHAT] Bound To: ForgeDevName
[00:13:49] [Client thread/INFO]: [CHAT] 34.0 Magical Energy/t
[00:13:49] [Client thread/INFO]: [CHAT] Current Energy Stored: 0/180,000
[00:13:50] [Client thread/INFO]: [CHAT] Bound To: ForgeDevName
[00:13:50] [Client thread/INFO]: [CHAT] 34.0 Magical Energy/t
[00:13:50] [Client thread/INFO]: [CHAT] Current Energy Stored: 0/180,000
[00:13:50] [Client thread/INFO]: [CHAT] Bound To: ForgeDevName
[00:13:50] [Client thread/INFO]: [CHAT] 34.0 Magical Energy/t
[00:13:50] [Client thread/INFO]: [CHAT] Current Energy Stored: 0/180,000
[00:13:50] [Client thread/INFO]: [CHAT] Bound To: ForgeDevName
[00:13:50] [Client thread/INFO]: [CHAT] 34.0 Magical Energy/t
[00:13:50] [Client thread/INFO]: [CHAT] Current Energy Stored: 0/180,000
[00:13:51] [Client thread/INFO]: [CHAT] Bound To: ForgeDevName
[00:13:51] [Client thread/INFO]: [CHAT] 34.0 Magical Energy/t
[00:13:51] [Client thread/INFO]: [CHAT] Current Energy Stored: 0/180,000
[00:13:51] [Client thread/INFO]: [CHAT] Bound To: ForgeDevName
[00:13:51] [Client thread/INFO]: [CHAT] 34.0 Magical Energy/t
[00:13:51] [Client thread/INFO]: [CHAT] Current Energy Stored: 0/180,000
[00:13:51] [Client thread/INFO]: [CHAT] Bound To: ForgeDevName
[00:13:51] [Client thread/INFO]: [CHAT] 34.0 Magical Energy/t
[00:13:51] [Client thread/INFO]: [CHAT] Current Energy Stored: 0/180,000
[00:13:51] [Client thread/INFO]: [CHAT] Bound To: ForgeDevName
[00:13:51] [Client thread/INFO]: [CHAT] 34.0 Magical Energy/t
[00:13:51] [Client thread/INFO]: [CHAT] Current Energy Stored: 0/180,000
[00:13:52] [Client thread/INFO]: [CHAT] Bound To: ForgeDevName
[00:13:52] [Client thread/INFO]: [CHAT] 34.0 Magical Energy/t
[00:13:52] [Client thread/INFO]: [CHAT] Current Energy Stored: 0/180,000
[00:13:52] [Client thread/INFO]: [CHAT] Bound To: ForgeDevName
[00:13:52] [Client thread/INFO]: [CHAT] 34.0 Magical Energy/t
[00:13:52] [Client thread/INFO]: [CHAT] Current Energy Stored: 0/180,000
[00:13:55] [Client thread/INFO]: [CHAT] Bound To: ForgeDevName
[00:13:55] [Client thread/INFO]: [CHAT] 34.0 Magical Energy/t
[00:13:55] [Client thread/INFO]: [CHAT] Current Energy Stored: 357/180,000
[00:13:55] [Client thread/INFO]: [CHAT] Bound To: ForgeDevName
[00:13:55] [Client thread/INFO]: [CHAT] 34.0 Magical Energy/t
[00:13:55] [Client thread/INFO]: [CHAT] Current Energy Stored: 510/180,000
[00:13:55] [Client thread/INFO]: [CHAT] Bound To: ForgeDevName
[00:13:55] [Client thread/INFO]: [CHAT] 34.0 Magical Energy/t
[00:13:55] [Client thread/INFO]: [CHAT] Current Energy Stored: 595/180,000
[00:13:56] [Client thread/INFO]: [CHAT] Bound To: ForgeDevName
[00:13:56] [Client thread/INFO]: [CHAT] 34.0 Magical Energy/t
[00:13:56] [Client thread/INFO]: [CHAT] Current Energy Stored: 680/180,000
[00:13:56] [Client thread/INFO]: [CHAT] Bound To: ForgeDevName
[00:13:56] [Client thread/INFO]: [CHAT] 34.0 Magical Energy/t
[00:13:56] [Client thread/INFO]: [CHAT] Current Energy Stored: 748/180,000
[00:13:56] [Client thread/INFO]: [CHAT] Bound To: ForgeDevName
[00:13:56] [Client thread/INFO]: [CHAT] 34.0 Magical Energy/t
[00:13:56] [Client thread/INFO]: [CHAT] Current Energy Stored: 816/180,000
[00:13:56] [Client thread/INFO]: [CHAT] Bound To: ForgeDevName
[00:13:56] [Client thread/INFO]: [CHAT] 34.0 Magical Energy/t
[00:13:56] [Client thread/INFO]: [CHAT] Current Energy Stored: 884/180,000
[00:13:58] [Client thread/INFO]: [CHAT] Bound To: ForgeDevName
[00:13:58] [Client thread/INFO]: [CHAT] 17.0 Magical Energy/t
[00:13:58] [Client thread/INFO]: [CHAT] Current Energy Stored: 1,309/180,000
[00:13:58] [Client thread/INFO]: [CHAT] Bound To: ForgeDevName
[00:13:58] [Client thread/INFO]: [CHAT] 17.0 Magical Energy/t
[00:13:58] [Client thread/INFO]: [CHAT] Current Energy Stored: 1,309/180,000
[00:13:59] [Client thread/INFO]: [CHAT] Bound To: ForgeDevName
[00:13:59] [Client thread/INFO]: [CHAT] 17.0 Magical Energy/t
[00:13:59] [Client thread/INFO]: [CHAT] Current Energy Stored: 1,309/180,000
[00:13:59] [Client thread/INFO]: [CHAT] Bound To: ForgeDevName
[00:13:59] [Client thread/INFO]: [CHAT] 17.0 Magical Energy/t
[00:13:59] [Client thread/INFO]: [CHAT] Current Energy Stored: 1,309/180,000
[00:13:59] [Client thread/INFO]: [CHAT] Bound To: ForgeDevName
[00:13:59] [Client thread/INFO]: [CHAT] 17.0 Magical Energy/t
[00:13:59] [Client thread/INFO]: [CHAT] Current Energy Stored: 1,309/180,000
[00:14:01] [Client thread/INFO]: [CHAT] Bound To: ForgeDevName
[00:14:01] [Client thread/INFO]: [CHAT] 34.0 Magical Energy/t
[00:14:01] [Client thread/INFO]: [CHAT] Current Energy Stored: 1,309/180,000
[00:14:02] [Client thread/INFO]: [CHAT] Bound To: ForgeDevName
[00:14:02] [Client thread/INFO]: [CHAT] 34.0 Magical Energy/t
[00:14:02] [Client thread/INFO]: [CHAT] Current Energy Stored: 1,309/180,000
[00:14:02] [Client thread/INFO]: [CHAT] Bound To: ForgeDevName
[00:14:02] [Client thread/INFO]: [CHAT] 34.0 Magical Energy/t
[00:14:02] [Client thread/INFO]: [CHAT] Current Energy Stored: 1,309/180,000
[00:14:04] [Server thread/INFO]: [ForgeDevName: Set the time to 1000]
[00:14:04] [Client thread/INFO]: [CHAT] Set the time to 1000
[00:14:05] [Client thread/INFO]: [CHAT] Bound To: ForgeDevName
[00:14:05] [Client thread/INFO]: [CHAT] 34.0 Magical Energy/t
[00:14:05] [Client thread/INFO]: [CHAT] Current Energy Stored: 1,564/180,000
[00:14:06] [Client thread/INFO]: [CHAT] Bound To: ForgeDevName
[00:14:06] [Client thread/INFO]: [CHAT] 34.0 Magical Energy/t
[00:14:06] [Client thread/INFO]: [CHAT] Current Energy Stored: 1,836/180,000
[00:14:06] [Client thread/INFO]: [CHAT] Bound To: ForgeDevName
[00:14:06] [Client thread/INFO]: [CHAT] 34.0 Magical Energy/t
[00:14:06] [Client thread/INFO]: [CHAT] Current Energy Stored: 1,921/180,000
[00:14:06] [Client thread/INFO]: [CHAT] Bound To: ForgeDevName
[00:14:06] [Client thread/INFO]: [CHAT] 34.0 Magical Energy/t
[00:14:06] [Client thread/INFO]: [CHAT] Current Energy Stored: 1,989/180,000
[00:14:06] [Client thread/INFO]: [CHAT] Bound To: ForgeDevName
[00:14:06] [Client thread/INFO]: [CHAT] 34.0 Magical Energy/t
[00:14:06] [Client thread/INFO]: [CHAT] Current Energy Stored: 2,057/180,000
[00:14:06] [Client thread/INFO]: [CHAT] Bound To: ForgeDevName
[00:14:06] [Client thread/INFO]: [CHAT] 34.0 Magical Energy/t
[00:14:06] [Client thread/INFO]: [CHAT] Current Energy Stored: 2,125/180,000
[00:14:07] [Client thread/INFO]: [CHAT] Bound To: ForgeDevName
[00:14:07] [Client thread/INFO]: [CHAT] 34.0 Magical Energy/t
[00:14:07] [Client thread/INFO]: [CHAT] Current Energy Stored: 2,193/180,000
[00:14:09] [Client thread/INFO]: [CHAT] Bound To: ForgeDevName
[00:14:09] [Client thread/INFO]: [CHAT] 34.0 Magical Energy/t
[00:14:09] [Client thread/INFO]: [CHAT] Current Energy Stored: 2,601/180,000
[00:14:09] [Client thread/INFO]: [CHAT] Bound To: ForgeDevName
[00:14:09] [Client thread/INFO]: [CHAT] 34.0 Magical Energy/t
[00:14:09] [Client thread/INFO]: [CHAT] Current Energy Stored: 2,601/180,000
[00:14:10] [Client thread/INFO]: [CHAT] Bound To: ForgeDevName
[00:14:10] [Client thread/INFO]: [CHAT] 34.0 Magical Energy/t
[00:14:10] [Client thread/INFO]: [CHAT] Current Energy Stored: 2,601/180,000
[00:14:10] [Client thread/INFO]: [CHAT] Bound To: ForgeDevName
[00:14:10] [Client thread/INFO]: [CHAT] 34.0 Magical Energy/t
[00:14:10] [Client thread/INFO]: [CHAT] Current Energy Stored: 2,601/180,000
[00:14:10] [Client thread/INFO]: [CHAT] Bound To: ForgeDevName
[00:14:10] [Client thread/INFO]: [CHAT] 34.0 Magical Energy/t
[00:14:10] [Client thread/INFO]: [CHAT] Current Energy Stored: 2,601/180,000
[00:14:10] [Client thread/INFO]: [CHAT] Bound To: ForgeDevName
[00:14:10] [Client thread/INFO]: [CHAT] 34.0 Magical Energy/t
[00:14:10] [Client thread/INFO]: [CHAT] Current Energy Stored: 2,601/180,000
[00:14:14] [Client thread/INFO]: [CHAT] Bound To: ForgeDevName
[00:14:14] [Client thread/INFO]: [CHAT] 34.0 Magical Energy/t
[00:14:14] [Client thread/INFO]: [CHAT] Current Energy Stored: 2,941/180,000
[00:14:14] [Client thread/INFO]: [CHAT] Bound To: ForgeDevName
[00:14:14] [Client thread/INFO]: [CHAT] 34.0 Magical Energy/t
[00:14:14] [Client thread/INFO]: [CHAT] Current Energy Stored: 3,009/180,000
[00:14:14] [Client thread/INFO]: [CHAT] Bound To: ForgeDevName
[00:14:14] [Client thread/INFO]: [CHAT] 34.0 Magical Energy/t
[00:14:14] [Client thread/INFO]: [CHAT] Current Energy Stored: 3,077/180,000
[00:14:14] [Client thread/INFO]: [CHAT] Bound To: ForgeDevName
[00:14:14] [Client thread/INFO]: [CHAT] 34.0 Magical Energy/t
[00:14:14] [Client thread/INFO]: [CHAT] Current Energy Stored: 3,128/180,000
[00:14:14] [Client thread/INFO]: [CHAT] Bound To: ForgeDevName
[00:14:14] [Client thread/INFO]: [CHAT] 34.0 Magical Energy/t
[00:14:14] [Client thread/INFO]: [CHAT] Current Energy Stored: 3,213/180,000
[00:14:15] [Client thread/INFO]: [CHAT] Bound To: ForgeDevName
[00:14:15] [Client thread/INFO]: [CHAT] 34.0 Magical Energy/t
[00:14:15] [Client thread/INFO]: [CHAT] Current Energy Stored: 3,264/180,000
[00:14:15] [Client thread/INFO]: [CHAT] Bound To: ForgeDevName
[00:14:15] [Client thread/INFO]: [CHAT] 34.0 Magical Energy/t
[00:14:15] [Client thread/INFO]: [CHAT] Current Energy Stored: 3,332/180,000
[00:16:51] [Client thread/INFO]: [CHAT] §b§oYou feel as if something is sucked out of you...
[00:16:52] [Client thread/INFO]: [CHAT] Bound To: ForgeDevName
[00:16:52] [Client thread/INFO]: [CHAT] 34.0 Magical Energy/t
[00:16:52] [Client thread/INFO]: [CHAT] Current Energy Stored: 0/180,000
[00:16:53] [Client thread/INFO]: [CHAT] Bound To: ForgeDevName
[00:16:53] [Client thread/INFO]: [CHAT] 34.0 Magical Energy/t
[00:16:53] [Client thread/INFO]: [CHAT] Current Energy Stored: 0/180,000
[00:16:53] [Client thread/INFO]: [CHAT] Bound To: ForgeDevName
[00:16:53] [Client thread/INFO]: [CHAT] 34.0 Magical Energy/t
[00:16:53] [Client thread/INFO]: [CHAT] Current Energy Stored: 0/180,000
[00:16:53] [Client thread/INFO]: [CHAT] Bound To: ForgeDevName
[00:16:53] [Client thread/INFO]: [CHAT] 34.0 Magical Energy/t
[00:16:53] [Client thread/INFO]: [CHAT] Current Energy Stored: 0/180,000
[00:16:53] [Client thread/INFO]: [CHAT] Bound To: ForgeDevName
[00:16:53] [Client thread/INFO]: [CHAT] 34.0 Magical Energy/t
[00:16:53] [Client thread/INFO]: [CHAT] Current Energy Stored: 0/180,000
[00:16:54] [Client thread/INFO]: [CHAT] Bound To: ForgeDevName
[00:16:54] [Client thread/INFO]: [CHAT] 34.0 Magical Energy/t
[00:16:54] [Client thread/INFO]: [CHAT] Current Energy Stored: 0/180,000
[00:16:54] [Client thread/INFO]: [CHAT] Bound To: ForgeDevName
[00:16:54] [Client thread/INFO]: [CHAT] 34.0 Magical Energy/t
[00:16:54] [Client thread/INFO]: [CHAT] Current Energy Stored: 0/180,000
[00:16:54] [Client thread/INFO]: [CHAT] Bound To: ForgeDevName
[00:16:54] [Client thread/INFO]: [CHAT] 34.0 Magical Energy/t
[00:16:54] [Client thread/INFO]: [CHAT] Current Energy Stored: 0/180,000
[00:17:02] [Server thread/INFO]: Saving and pausing game...
[00:17:02] [Server thread/INFO]: Saving chunks for level 'New World fg'/Overworld
[00:17:02] [Server thread/INFO]: Saving chunks for level 'New World fg'/Nether
[00:17:02] [Server thread/INFO]: Saving chunks for level 'New World fg'/The End
[00:17:02] [Server thread/INFO]: Stopping server
[00:17:02] [Server thread/INFO]: Saving players
[00:17:02] [Server thread/INFO]: Saving worlds
[00:17:02] [Server thread/INFO]: Saving chunks for level 'New World fg'/Overworld
[00:17:02] [Server thread/INFO]: Saving chunks for level 'New World fg'/Nether
[00:17:02] [Server thread/INFO]: Saving chunks for level 'New World fg'/The End
[00:17:03] [Client thread/INFO]: Stopping!
